2015/07/19 18:57:07 START	BABEL	started babel	152
2015/07/19 18:57:38 START	BABEL	started babel	130
2015/07/19 18:57:52 POST	/api/link	Link	14088225160
2015/07/19 18:57:52 POST	/api/link	Link	14088431873
2015/07/19 18:57:52 START	monitorBMS	started function	14088511641
2015/07/19 18:58:00 GET	/api/points	Points	21668135724
2015/07/19 18:58:00 GET	/api/points	Points	21668356083
2015/07/19 18:58:02 START	monitorBMS	started to query BMS	23669546164
2015/07/19 18:58:12 STOP	monitorBMS	stopped to query BMS	33710089727
2015/07/19 18:58:12 STATE	GETRequests send to smap	91	33710154286
2015/07/19 18:58:12 START	checkForValue	started checkForValue	33710199924
2015/07/19 18:58:12 STOP	checkForValue	stopped function	33710263162
2015/07/19 18:58:12 START	reducePoints	started function	33710285334
2015/07/19 18:58:12 STATE	bms_points	31	33710315874
2015/07/19 18:58:12 STATE	bms_points	0	33710344317
2015/07/19 18:58:12 STOP	reducePoints	stopped function	33710356501
2015/07/19 18:58:12 STOP	monitorBMS	stopped monitorBMS - 0 matches	33710368067
2015/07/19 18:58:17 GET	/api/result	Success	38864411456
2015/07/19 18:58:17 GET	/api/result	Success	38864470958
2015/07/19 19:14:37 START	BABEL	started babel	150
2015/07/19 19:14:41 POST	/api/link	Link	4293519946
2015/07/19 19:14:41 START	monitorBMS	started function	4293716243
2015/07/19 19:14:50 GET	/api/points	Points	13298005623
2015/07/19 19:14:50 GET	/api/points	Points	13298252656
2015/07/19 19:14:52 START	monitorBMS	started to query BMS	15301144596
2015/07/19 19:15:02 STOP	monitorBMS	stopped to query BMS	25362398783
2015/07/19 19:15:02 STATE	GETRequests send to smap	92	25362436453
2015/07/19 19:15:02 START	checkForValue	started checkForValue	25362467168
2015/07/19 19:15:02 STOP	checkForValue	stopped function	25362512369
2015/07/19 19:15:02 START	reducePoints	started function	25362539126
2015/07/19 19:15:02 STATE	bms_points	31	25362571977
2015/07/19 19:15:02 STATE	bms_points	0	25362597013
2015/07/19 19:15:02 STOP	reducePoints	stopped function	25362607779
2015/07/19 19:15:02 STOP	monitorBMS	stopped monitorBMS - 0 matches	25362617667
2015/07/19 19:15:02 POST	/api/link	Link	25362736068
2015/07/19 19:15:31 POST	/api/link	Link	54246338785
2015/07/19 19:15:31 START	monitorBMS	started function	54246465107
2015/07/19 19:17:31 START	BABEL	started babel	161
2015/07/19 19:17:33 POST	/api/link	Link	2467419314
2015/07/19 19:17:33 START	monitorBMS	started function	2467603660
2015/07/19 19:17:39 GET	/api/points	Points	7761160460
2015/07/19 19:17:39 GET	/api/points	Points	7761399759
2015/07/19 19:17:41 START	monitorBMS	started to query BMS	9763455609
2015/07/19 19:17:51 STOP	monitorBMS	stopped to query BMS	19834349827
2015/07/19 19:17:51 STATE	GETRequests send to smap	92	19834387543
2015/07/19 19:17:51 START	checkForValue	started checkForValue	19834413550
2015/07/19 19:17:51 STOP	checkForValue	stopped function	19834448816
2015/07/19 19:17:51 START	reducePoints	started function	19834466288
2015/07/19 19:17:51 STATE	bms_points	31	19834485625
2015/07/19 19:17:51 STATE	bms_points	0	19834508528
2015/07/19 19:17:51 STOP	reducePoints	stopped function	19834520019
2015/07/19 19:17:51 STOP	monitorBMS	stopped monitorBMS - 0 matches	19834530278
2015/07/19 19:17:51 POST	/api/link	Link	19834693798
2015/07/19 22:14:02 START	BABEL	started babel	1689
2015/07/19 22:14:17 POST	/api/link	Link	14959232879
2015/07/19 22:14:17 START	monitorBMS	started function	14959483605
2015/07/19 22:15:28 START	BABEL	started babel	1922
2015/07/19 22:15:36 POST	/api/link	Link	7668550049
2015/07/19 22:15:36 START	monitorBMS	started function	7668849604
2015/07/19 22:16:18 START	BABEL	started babel	1947
2015/07/19 22:16:50 GET	/api/points	Points	32713547981
2015/07/19 22:16:57 POST	/api/link	Link	38890641738
2015/07/19 22:16:57 START	monitorBMS	started function	38890908630
2015/07/19 22:16:57 GET	/api/points	Points	38891033737
2015/07/19 22:17:12 START	monitorBMS	started to query BMS	53893359542
2015/07/19 22:17:27 STOP	monitorBMS	stopped to query BMS	69196526421
2015/07/19 22:17:27 STATE	GETRequests send to smap	30	69196590935
2015/07/19 22:17:27 START	checkForValue	started checkForValue	69196639649
2015/07/19 22:17:27 STOP	checkForValue	stopped function	69196711926
2015/07/19 22:17:27 START	reducePoints	started function	69196739673
2015/07/19 22:17:27 STATE	bms_points	7	69196756646
2015/07/19 22:17:27 STATE	bms_points	0	69196775302
2015/07/19 22:17:27 STOP	reducePoints	stopped function	69196785714
2015/07/19 22:17:27 STOP	monitorBMS	stopped monitorBMS - 0 matches	69196795067
2015/07/19 22:17:27 POST	/api/link	Link	69196895963
2015/07/19 22:18:38 START	BABEL	started babel	1998
2015/07/19 22:18:47 POST	/api/link	Link	9716583099
2015/07/19 22:18:47 START	monitorBMS	started function	9716863175
2015/07/19 22:18:52 GET	/api/points	Points	14814576079
2015/07/19 22:18:52 GET	/api/points	Points	14814733206
2015/07/19 22:19:03 GET	/api/points	Points	24897201300
2015/07/19 22:19:03 GET	/api/points	Points	24897264963
2015/07/19 22:19:07 START	monitorBMS	started to query BMS	29818231465
2015/07/19 22:19:14 GET	/api/points	Points	36662070978
2015/07/19 22:19:14 GET	/api/points	Points	36662144700
2015/07/19 22:19:23 STOP	monitorBMS	stopped to query BMS	45115618171
2015/07/19 22:19:23 STATE	GETRequests send to smap	30	45115674061
2015/07/19 22:19:23 START	checkForValue	started checkForValue	45115727212
2015/07/19 22:19:23 STOP	checkForValue	stopped function	45115770540
2015/07/19 22:19:23 START	reducePoints	started function	45115790522
2015/07/19 22:19:23 STATE	bms_points	7	45115807260
2015/07/19 22:19:23 STATE	bms_points	0	45115826357
2015/07/19 22:19:23 STOP	reducePoints	stopped function	45115837933
2015/07/19 22:19:23 STOP	monitorBMS	stopped monitorBMS - 0 matches	45115847882
2015/07/19 22:19:23 POST	/api/link	Link	45116475451
2015/07/19 22:20:38 START	BABEL	started babel	2362
2015/07/19 22:20:46 POST	/api/link	Link	7534363862
2015/07/19 22:20:46 START	monitorBMS	started function	7534677691
2015/07/19 22:20:48 GET	/api/points	Points	10054283496
2015/07/19 22:20:48 GET	/api/points	Points	10054476698
2015/07/19 22:21:03 START	monitorBMS	started to query BMS	25057563611
2015/07/19 22:21:19 STOP	monitorBMS	stopped to query BMS	40343274333
2015/07/19 22:21:19 STATE	GETRequests send to smap	30	40343333582
2015/07/19 22:21:19 START	checkForValue	started checkForValue	40343390162
2015/07/19 22:21:19 STOP	checkForValue	stopped function	40343421935
2015/07/19 22:21:19 START	reducePoints	started function	40343448294
2015/07/19 22:21:19 STATE	bms_points	7	40343470470
2015/07/19 22:21:19 STATE	bms_points	0	40343495728
2015/07/19 22:21:19 STOP	reducePoints	stopped function	40343509340
2015/07/19 22:21:19 STOP	monitorBMS	stopped monitorBMS - 0 matches	40343521246
2015/07/19 22:21:19 POST	/api/link	Link	40343636331
2015/07/19 22:24:32 START	BABEL	started babel	1861
2015/07/19 22:24:37 POST	/api/link	Link	5062865793
2015/07/19 22:24:37 START	monitorBMS	started function	5063107633
2015/07/19 22:24:41 GET	/api/points	Points	8389316725
2015/07/19 22:24:41 GET	/api/points	Points	8389471182
2015/07/19 22:24:56 START	monitorBMS	started to query BMS	23393126147
2015/07/19 22:25:11 STOP	monitorBMS	stopped to query BMS	38695754271
2015/07/19 22:25:11 STATE	GETRequests send to smap	30	38695785331
2015/07/19 22:25:11 START	checkForValue	started checkForValue	38695806585
2015/07/19 22:25:11 STOP	checkForValue	stopped function	38695830217
2015/07/19 22:25:11 START	reducePoints	started function	38695955913
2015/07/19 22:25:11 STATE	bms_points	7	38695986696
2015/07/19 22:25:11 STATE	bms_points	1	38696099860
2015/07/19 22:25:11 STOP	reducePoints	stopped function	38696110065
2015/07/19 22:25:11 STOP	monitorBMS	stopped monitorBMS - 1 matches	38696117401
2015/07/19 22:25:11 POST	/api/link	Link	38696200056
2015/07/20 14:09:50 START	BABEL	started babel	137
2015/07/20 14:10:09 POST	/api/link	Link	19125915751
2015/07/20 14:10:09 START	monitorBMS	started function	19126159923
2015/07/20 14:10:25 GET	/api/points	Points	34813478811
2015/07/20 14:10:25 GET	/api/points	Points	34813612240
2015/07/20 14:10:52 GET	/api/sync	Sync	62318262057
2015/07/20 14:10:52 GET	/api/sync	Sync	62318285865
2015/07/20 14:10:53 START	monitorBMS	started to query BMS	62420824845
2015/07/20 14:10:53 STATE	monitorBMS	GETRequest to smap finished	62429550250
2015/07/20 14:10:53 STOP	monitorBMS	stopped to query BMS	62429781051
2015/07/20 14:10:53 START	checkForValue	started checkForValue	62429796643
2015/07/20 14:10:53 STOP	checkForValue	stopped function	62429811600
2015/07/20 14:10:53 START	reducePoints	started function	62429824513
2015/07/20 14:10:53 STATE	bms_points	7	62429835765
2015/07/20 14:10:53 STATE	bms_points	0	62429848715
2015/07/20 14:10:53 STOP	reducePoints	stopped function	62429856834
2015/07/20 14:10:53 STOP	monitorBMS	stopped monitorBMS - 0 matches	62429863756
2015/07/20 14:10:53 POST	/api/link	Link	62429929037
2015/07/20 14:57:15 START	BABEL	started babel	159
2015/07/20 14:57:26 GET	/api/pointsinit	PointsInit	11388883697
2015/07/20 14:57:26 GET	/api/pointsinit	PointsInit	11389126805
2015/07/20 14:57:30 GET	/api/points	Points	15307877735
2015/07/20 18:32:26 START	BABEL	started babel	157
2015/07/21 05:00:18 START	BABEL	started babel	198
2015/07/21 05:00:19 GET	/api/points	Points	891759091
2015/07/21 05:03:18 GET	/api/pointsinit	PointsInit	179903922772
2015/07/21 05:03:18 GET	/api/pointsinit	PointsInit	179987927221
2015/07/21 05:03:35 GET	/api/points	Points	197418941014
2015/07/21 05:03:47 POST	/api/link	Link	209120439679
2015/07/21 05:03:47 STATE	Points to begin:	27	209120497379
2015/07/21 05:03:47 STATE	Points reduced by type to	12	209121402816
2015/07/21 05:03:47 START	monitorBMS	started function	209135162709
2015/07/21 05:03:47 HTTP -1: "write tcp 128.32.247.221:54413: broken pipe"
2015/07/21 05:03:47 http: multiple response.WriteHeader calls
2015/07/21 05:03:47 GET	/api/points	Points	209144892010
2015/07/21 05:04:21 START	BABEL	started babel	170
2015/07/21 05:04:30 GET	/api/pointsinit	PointsInit	8830963520
2015/07/21 05:04:30 GET	/api/pointsinit	PointsInit	8906877077
2015/07/21 05:04:47 GET	/api/points	Points	25485786299
2015/07/21 05:04:51 POST	/api/link	Link	29145137343
2015/07/21 05:04:51 STATE	Points to begin:	27	29145193156
2015/07/21 05:04:51 STATE	Points reduced by type to	12	29148369089
2015/07/21 05:04:51 START	monitorBMS	started function	29162017202
2015/07/21 05:04:51 GET	/api/points	Points	29184375918
2015/07/21 05:04:51 GET	/api/points	Points	29383697444
2015/07/21 05:04:56 GET	/api/sync	Sync	34727175540
2015/07/21 05:04:56 GET	/api/sync	Sync	34727228553
2015/07/21 05:04:56 START	monitorBMS	started to query BMS	34927479619
2015/07/21 05:05:27 STATE	monitorBMS	GETRequest to smap finished	66055638448
2015/07/21 05:05:29 STOP	monitorBMS	stopped to query BMS	67455399757
2015/07/21 05:05:29 START	checkForValue	started checkForValue	67455430851
2015/07/21 05:05:29 STOP	checkForValue	stopped function	67457967348
2015/07/21 05:05:29 START	reducePoints	started function	67458092017
2015/07/21 05:05:29 STATE	bms_points	2095	67458380904
2015/07/21 05:05:29 STATE	bms_points	25	67458485542
2015/07/21 05:05:29 STOP	reducePoints	stopped function	67458493422
2015/07/21 05:05:29 STOP	monitorBMS	stopped monitorBMS, matches: 25	67458498991
2015/07/21 05:05:29 POST	/api/link	Link	67458536976
2015/07/21 05:08:25 START	BABEL	started babel	155
2015/07/21 05:08:29 GET	/api/pointsinit	PointsInit	4173418293
2015/07/21 05:08:30 GET	/api/pointsinit	PointsInit	4255410467
2015/07/21 05:08:46 GET	/api/points	Points	20771262418
2015/07/21 05:08:57 POST	/api/link	Link	32203228082
2015/07/21 05:08:57 STATE	Points to begin:	27	32203287942
2015/07/21 05:08:57 STATE	Points reduced by type to	22	32204060105
2015/07/21 05:08:58 START	monitorBMS	started function	32214023850
2015/07/21 05:08:58 GET	/api/points	Points	32223990052
2015/07/21 05:08:58 GET	/api/points	Points	32307648369
2015/07/21 05:09:44 GET	/api/sync	Sync	78575078839
2015/07/21 05:09:44 GET	/api/sync	Sync	78575144929
2015/07/21 05:09:44 START	monitorBMS	started to query BMS	78775369965
2015/07/21 05:10:15 STATE	monitorBMS	GETRequest to smap finished	110021997857
2015/07/21 05:10:16 STOP	monitorBMS	stopped to query BMS	110897911224
2015/07/21 05:10:16 START	checkForValue	started checkForValue	110897944484
2015/07/21 05:10:16 STOP	checkForValue	stopped function	110898457051
2015/07/21 05:10:16 START	reducePoints	started function	110900226318
2015/07/21 05:10:16 STATE	bms_points	1129	110900480695
2015/07/21 05:10:16 STATE	bms_points	671	110902291743
2015/07/21 05:10:16 STOP	reducePoints	stopped function	110902304098
2015/07/21 05:10:16 STOP	monitorBMS	stopped monitorBMS, matches: 671	110902309866
2015/07/21 05:10:16 POST	/api/link	Link	110902339555
2015/07/21 05:17:05 START	BABEL	started babel	151
2015/07/21 05:17:34 START	BABEL	started babel	153
2015/07/21 05:18:15 GET	/api/pointsinit	PointsInit	41179805419
2015/07/21 05:18:15 GET	/api/pointsinit	PointsInit	41184414007
2015/07/21 05:18:17 GET	/api/points	Points	42740936107
2015/07/21 05:18:51 START	BABEL	started babel	154
2015/07/21 05:18:57 GET	/api/pointsinit	PointsInit	5713973520
2015/07/21 05:18:57 GET	/api/pointsinit	PointsInit	5717359781
2015/07/21 05:18:58 GET	/api/points	Points	7253547642
2015/07/21 05:19:20 POST	/api/link	Link	29232973317
2015/07/21 05:19:20 STATE	Points to begin:	20	29233030117
2015/07/21 05:19:20 STATE	Points reduced by type to	20	29233302478
2015/07/21 05:19:20 START	monitorBMS	started function	29239115978
2015/07/21 05:19:20 GET	/api/points	Points	29243507348
2015/07/21 05:19:20 GET	/api/points	Points	29288257344
2015/07/21 05:19:55 GET	/api/sync	Sync	63954081160
2015/07/21 05:19:55 GET	/api/sync	Sync	63954136644
2015/07/21 05:19:55 START	monitorBMS	started to query BMS	64154398550
2015/07/21 05:19:59 STATE	monitorBMS	GETRequest to smap finished	67928143490
2015/07/21 05:19:59 STOP	monitorBMS	stopped to query BMS	67986202631
2015/07/21 05:19:59 START	checkForValue	started checkForValue	67986224193
2015/07/21 05:19:59 STOP	checkForValue	stopped function	67986513389
2015/07/21 05:19:59 START	reducePoints	started function	67986554412
2015/07/21 05:19:59 STATE	bms_points	671	67986659233
2015/07/21 05:19:59 STATE	bms_points	2	67986711181
2015/07/21 05:19:59 STOP	reducePoints	stopped function	67986719345
2015/07/21 05:19:59 STOP	monitorBMS	stopped monitorBMS, matches: 2	67986726694
2015/07/21 05:19:59 POST	/api/link	Link	67986756172
2015/07/21 05:22:09 POST	/api/link	Link	198170313616
2015/07/21 05:22:09 STATE	Points to begin:	20	198170363786
2015/07/21 05:22:09 START	monitorBMS	started function	198170465576
2015/07/21 05:22:09 GET	/api/points	Points	198170534233
2015/07/21 05:22:09 GET	/api/sync	Sync	198179091936
2015/07/21 05:22:09 GET	/api/sync	Sync	198179130446
2015/07/21 05:22:09 START	monitorBMS	started to query BMS	198379356709
2015/07/21 05:22:10 GET	/api/points	Points	199191645389
2015/07/21 05:22:13 STATE	monitorBMS	GETRequest to smap finished	201739393156
2015/07/21 05:22:13 STOP	monitorBMS	stopped to query BMS	201755414085
2015/07/21 05:22:13 START	checkForValue	started checkForValue	201755432511
2015/07/21 05:22:13 STOP	checkForValue	stopped function	201755545695
2015/07/21 05:22:13 START	reducePoints	started function	201755569356
2015/07/21 05:22:13 STATE	bms_points	2	201755585791
2015/07/21 05:22:13 STATE	bms_points	0	201755608344
2015/07/21 05:22:13 STOP	reducePoints	stopped function	201755616068
2015/07/21 05:22:13 STOP	monitorBMS	stopped monitorBMS - 0 matches	201755623393
2015/07/21 05:22:13 POST	/api/link	Link	201755645084
2015/07/21 05:32:03 START	BABEL	started babel	236
2015/07/21 05:32:10 GET	/api/pointsinit	PointsInit	6963416729
2015/07/21 05:32:10 GET	/api/pointsinit	PointsInit	7042394891
2015/07/21 05:32:27 GET	/api/points	Points	23388197476
2015/07/21 05:32:48 POST	/api/link	Link	44923453203
2015/07/21 05:32:48 STATE	Points to begin:	27	44923514007
2015/07/21 05:32:48 STATE	Points reduced by type to	12	44926714372
2015/07/21 05:32:48 START	monitorBMS	started function	44940259582
2015/07/21 05:32:48 GET	/api/points	Points	44960902668
2015/07/21 05:32:48 GET	/api/points	Points	45091379680
2015/07/21 05:32:54 GET	/api/sync	Sync	51064089403
2015/07/21 05:32:54 GET	/api/sync	Sync	51064141640
2015/07/21 05:32:54 START	monitorBMS	started to query BMS	51264390506
2015/07/21 05:33:27 STATE	monitorBMS	GETRequest to smap finished	83740829552
2015/07/21 05:33:28 STOP	monitorBMS	stopped to query BMS	85158055615
2015/07/21 05:33:28 START	checkForValue	started checkForValue	85158088128
2015/07/21 05:33:28 STOP	checkForValue	stopped function	85160672188
2015/07/21 05:33:28 START	reducePoints	started function	85160845380
2015/07/21 05:33:28 STATE	bms_points	2095	85161176571
2015/07/21 05:33:28 STATE	bms_points	48	85161335111
2015/07/21 05:33:28 STOP	reducePoints	stopped function	85161354193
2015/07/21 05:33:28 STOP	monitorBMS	stopped monitorBMS, matches: 48	85161360074
2015/07/21 05:33:28 POST	/api/link	Link	85161391196
2015/07/21 05:36:09 START	BABEL	started babel	154
2015/07/21 05:36:40 START	BABEL	started babel	152
2015/07/21 05:37:08 GET	/api/pointsinit	PointsInit	28655765588
2015/07/21 05:37:08 GET	/api/pointsinit	PointsInit	28657631958
2015/07/21 05:37:09 GET	/api/points	Points	29523237012
2015/07/21 05:37:22 POST	/api/link	Link	42398666459
2015/07/21 05:37:22 STATE	Points to begin:	13	42398725392
2015/07/21 05:37:22 STATE	Points reduced by type to	12	42399006233
2015/07/21 05:37:22 START	monitorBMS	started function	42402273217
2015/07/21 05:37:22 GET	/api/points	Points	42403110086
2015/07/21 05:37:22 GET	/api/points	Points	42430539468
2015/07/21 05:37:25 GET	/api/sync	Sync	45701553835
2015/07/21 05:37:25 GET	/api/sync	Sync	45701605651
2015/07/21 05:37:25 START	monitorBMS	started to query BMS	45901865491
2015/07/21 05:37:28 STATE	monitorBMS	GETRequest to smap finished	48314116343
2015/07/21 05:37:28 STOP	monitorBMS	stopped to query BMS	48337760759
2015/07/21 05:37:28 START	checkForValue	started checkForValue	48337783146
2015/07/21 05:37:28 STOP	checkForValue	stopped function	48338106387
2015/07/21 05:37:28 START	reducePoints	started function	48338890647
2015/07/21 05:37:28 STATE	bms_points	339	48339001163
2015/07/21 05:37:28 STATE	bms_points	236	48340582748
2015/07/21 05:37:28 STOP	reducePoints	stopped function	48340598118
2015/07/21 05:37:28 STOP	monitorBMS	stopped monitorBMS, matches: 236	48340606510
2015/07/21 05:37:28 POST	/api/link	Link	48340637044
2015/07/21 05:39:38 POST	/api/link	Link	178840923278
2015/07/21 05:39:38 STATE	Points to begin:	13	178840980176
2015/07/21 05:39:38 START	monitorBMS	started function	178841081386
2015/07/21 05:39:38 GET	/api/points	Points	178842199870
2015/07/21 05:39:38 GET	/api/points	Points	178863108141
2015/07/21 05:39:41 GET	/api/sync	Sync	181094108668
2015/07/21 05:39:41 GET	/api/sync	Sync	181094160345
2015/07/21 05:39:41 START	monitorBMS	started to query BMS	181294394327
2015/07/21 05:39:43 STATE	monitorBMS	GETRequest to smap finished	183741215720
2015/07/21 05:39:43 STOP	monitorBMS	stopped to query BMS	183762297896
2015/07/21 05:39:43 START	checkForValue	started checkForValue	183762317555
2015/07/21 05:39:43 STOP	checkForValue	stopped function	183762488383
2015/07/21 05:39:43 START	reducePoints	started function	183762511411
2015/07/21 05:39:43 STATE	bms_points	236	183762557013
2015/07/21 05:39:43 STATE	bms_points	0	183762585744
2015/07/21 05:39:43 STOP	reducePoints	stopped function	183762593834
2015/07/21 05:39:43 STOP	monitorBMS	stopped monitorBMS - 0 matches	183762601276
2015/07/21 05:39:43 POST	/api/link	Link	183762622147
2015/07/21 05:44:35 START	BABEL	started babel	173
2015/07/21 05:44:46 GET	/api/pointsinit	PointsInit	11279960828
2015/07/21 05:44:46 GET	/api/pointsinit	PointsInit	11281763662
2015/07/21 05:44:47 GET	/api/points	Points	12114581835
2015/07/21 05:44:55 POST	/api/link	Link	20546420129
2015/07/21 05:44:55 STATE	Points to begin:	13	20546471023
2015/07/21 05:44:55 STATE	Points reduced by type to	12	20546703037
2015/07/21 05:44:55 START	monitorBMS	started function	20549865866
2015/07/21 05:44:55 GET	/api/points	Points	20551337382
2015/07/21 05:44:55 GET	/api/points	Points	20578149318
2015/07/21 05:44:59 GET	/api/sync	Sync	23857272553
2015/07/21 05:44:59 GET	/api/sync	Sync	23857324793
2015/07/21 05:44:59 START	monitorBMS	started to query BMS	24057571599
2015/07/21 05:45:01 STATE	monitorBMS	GETRequest to smap finished	26453457138
2015/07/21 05:45:01 STOP	monitorBMS	stopped to query BMS	26479071373
2015/07/21 05:45:01 START	checkForValue	started checkForValue	26479089420
2015/07/21 05:45:01 STOP	checkForValue	stopped function	26479325767
2015/07/21 05:45:01 START	reducePoints	started function	26479648930
2015/07/21 05:45:01 STATE	bms_points	339	26479742275
2015/07/21 05:45:01 STATE	bms_points	95	26480116150
2015/07/21 05:45:01 STOP	reducePoints	stopped function	26480127242
2015/07/21 05:45:01 STOP	monitorBMS	stopped monitorBMS, matches: 95	26480133974
2015/07/21 05:45:01 POST	/api/link	Link	26480162767
2015/07/21 05:46:41 POST	/api/link	Link	126623592409
2015/07/21 05:46:41 STATE	Points to begin:	13	126623640919
2015/07/21 05:46:41 START	monitorBMS	started function	126623738206
2015/07/21 05:46:41 GET	/api/points	Points	126624320689
2015/07/21 05:46:41 GET	/api/points	Points	126642239441
2015/07/21 05:46:42 GET	/api/sync	Sync	127467014307
2015/07/21 05:46:42 GET	/api/sync	Sync	127467063824
2015/07/21 05:46:42 START	monitorBMS	started to query BMS	127667299796
2015/07/21 05:46:45 STATE	monitorBMS	GETRequest to smap finished	130029800596
2015/07/21 05:46:45 STOP	monitorBMS	stopped to query BMS	130049908583
2015/07/21 05:46:45 START	checkForValue	started checkForValue	130049936554
2015/07/21 05:46:45 STOP	checkForValue	stopped function	130050170464
2015/07/21 05:46:45 START	reducePoints	started function	130050232552
2015/07/21 05:46:45 STATE	bms_points	95	130050289682
2015/07/21 05:46:45 STATE	bms_points	2	130050367022
2015/07/21 05:46:45 STOP	reducePoints	stopped function	130050381368
2015/07/21 05:46:45 STOP	monitorBMS	stopped monitorBMS, matches: 2	130050394025
2015/07/21 05:46:45 POST	/api/link	Link	130050426832
2015/07/21 05:48:47 POST	/api/link	Link	251855952865
2015/07/21 05:48:47 STATE	Points to begin:	13	251856006495
2015/07/21 05:48:47 START	monitorBMS	started function	251856104809
2015/07/21 05:48:47 GET	/api/points	Points	251856164579
2015/07/21 05:48:47 GET	/api/points	Points	251866950101
2015/07/21 05:48:47 GET	/api/sync	Sync	251873582010
2015/07/21 05:48:47 GET	/api/sync	Sync	251873617937
2015/07/21 05:48:47 START	monitorBMS	started to query BMS	252073834319
2015/07/21 05:48:49 STATE	monitorBMS	GETRequest to smap finished	254477838570
2015/07/21 05:48:49 STOP	monitorBMS	stopped to query BMS	254489086600
2015/07/21 05:48:49 START	checkForValue	started checkForValue	254489114634
2015/07/21 05:48:49 STOP	checkForValue	stopped function	254489286807
2015/07/21 05:48:49 START	reducePoints	started function	254489325871
2015/07/21 05:48:49 STATE	bms_points	2	254489353838
2015/07/21 05:48:49 STATE	bms_points	0	254489405641
2015/07/21 05:48:49 STOP	reducePoints	stopped function	254489418711
2015/07/21 05:48:49 STOP	monitorBMS	stopped monitorBMS - 0 matches	254489431051
2015/07/21 05:48:49 POST	/api/link	Link	254489475531
2015/07/21 05:49:15 POST	/api/link	Link	280270221967
2015/07/21 05:49:15 STATE	Points to begin:	13	280270273853
2015/07/21 05:49:15 START	monitorBMS	started function	280270372274
2015/07/21 05:49:15 GET	/api/points	Points	280270432181
2015/07/21 05:49:15 GET	/api/points	Points	280278446062
2015/07/21 05:49:15 GET	/api/sync	Sync	280287199719
2015/07/21 05:49:15 GET	/api/sync	Sync	280287235929
2015/07/21 05:49:15 START	monitorBMS	started to query BMS	280487463989
2015/07/21 05:49:18 STATE	monitorBMS	GETRequest to smap finished	282914837676
2015/07/21 05:49:18 STOP	monitorBMS	stopped to query BMS	282924498118
2015/07/21 05:49:18 START	checkForValue	started checkForValue	282924514056
2015/07/21 05:49:18 STOP	checkForValue	stopped function	282924616555
2015/07/21 05:49:18 START	reducePoints	started function	282924637961
2015/07/21 05:49:18 STATE	bms_points	2	282924652828
2015/07/21 05:49:18 STATE	bms_points	0	282924674545
2015/07/21 05:49:18 STOP	reducePoints	stopped function	282924681295
2015/07/21 05:49:18 STOP	monitorBMS	stopped monitorBMS - 0 matches	282924688156
2015/07/21 05:49:18 POST	/api/link	Link	282924708630
2015/07/21 05:49:34 POST	/api/link	Link	299555788795
2015/07/21 05:49:34 STATE	Points to begin:	13	299555841891
2015/07/21 05:49:34 START	monitorBMS	started function	299555940605
2015/07/21 05:49:34 GET	/api/points	Points	299556000516
2015/07/21 05:49:34 GET	/api/sync	Sync	299569460234
2015/07/21 05:49:34 GET	/api/sync	Sync	299569496014
2015/07/21 05:49:34 GET	/api/points	Points	299570793896
2015/07/21 05:49:34 START	monitorBMS	started to query BMS	299769718737
2015/07/21 05:49:37 STATE	monitorBMS	GETRequest to smap finished	302157240504
2015/07/21 05:49:37 STOP	monitorBMS	stopped to query BMS	302168016758
2015/07/21 05:49:37 START	checkForValue	started checkForValue	302168042328
2015/07/21 05:49:37 STOP	checkForValue	stopped function	302168204342
2015/07/21 05:49:37 START	reducePoints	started function	302168262539
2015/07/21 05:49:37 STATE	bms_points	2	302168292306
2015/07/21 05:49:37 STATE	bms_points	2	302168362680
2015/07/21 05:49:37 STOP	reducePoints	stopped function	302168375867
2015/07/21 05:49:37 STOP	monitorBMS	stopped monitorBMS, matches: 2	302168387363
2015/07/21 05:49:37 POST	/api/link	Link	302168430437
2015/07/21 05:51:02 START	BABEL	started babel	240
2015/07/21 05:51:12 GET	/api/pointsinit	PointsInit	9562106900
2015/07/21 05:51:12 GET	/api/pointsinit	PointsInit	9563862790
2015/07/21 05:51:12 GET	/api/points	Points	10388403621
2015/07/21 05:51:28 POST	/api/link	Link	25537132328
2015/07/21 05:51:28 STATE	Points to begin:	13	25537188689
2015/07/21 05:51:28 STATE	Points reduced by type to	12	25537407906
2015/07/21 05:51:28 START	monitorBMS	started function	25540544799
2015/07/21 05:51:28 GET	/api/points	Points	25542023420
2015/07/21 05:51:28 GET	/api/points	Points	25566876771
2015/07/21 05:51:31 GET	/api/sync	Sync	28837398338
2015/07/21 05:51:31 GET	/api/sync	Sync	28837449285
2015/07/21 05:51:31 START	monitorBMS	started to query BMS	29037698928
2015/07/21 05:51:34 STATE	monitorBMS	GETRequest to smap finished	32145924760
2015/07/21 05:51:34 STOP	monitorBMS	stopped to query BMS	32174575429
2015/07/21 05:51:34 START	checkForValue	started checkForValue	32174593632
2015/07/21 05:51:34 STOP	checkForValue	stopped function	32174832181
2015/07/21 05:51:34 START	reducePoints	started function	32175155290
2015/07/21 05:51:34 STATE	bms_points	339	32175246483
2015/07/21 05:51:34 STATE	bms_points	95	32175601744
2015/07/21 05:51:34 STOP	reducePoints	stopped function	32175613627
2015/07/21 05:51:34 STOP	monitorBMS	stopped monitorBMS, matches: 95	32175620711
2015/07/21 05:51:34 POST	/api/link	Link	32175650560
2015/07/21 05:53:15 START	BABEL	started babel	158
2015/07/21 05:53:16 GET	/api/points	Points	594939991
2015/07/21 05:53:55 POST	/api/link	Link	39295637741
2015/07/21 05:53:55 STATE	Points to begin:	13	39295696122
2015/07/21 05:53:55 STATE	Points reduced by type to	12	39295978450
2015/07/21 05:53:55 START	monitorBMS	started function	39298530719
2015/07/21 05:53:55 GET	/api/points	Points	39300628463
2015/07/21 05:53:55 GET	/api/points	Points	39326321957
2015/07/21 05:53:58 GET	/api/sync	Sync	42589014891
2015/07/21 05:53:58 GET	/api/sync	Sync	42589064961
2015/07/21 05:53:58 START	monitorBMS	started to query BMS	42789319340
2015/07/21 05:54:01 STATE	monitorBMS	GETRequest to smap finished	45173106902
2015/07/21 05:54:01 STOP	monitorBMS	stopped to query BMS	45198839262
2015/07/21 05:54:01 START	checkForValue	started checkForValue	45198857400
2015/07/21 05:54:01 STOP	checkForValue	stopped function	45199166561
2015/07/21 05:54:01 START	reducePoints	started function	45199947164
2015/07/21 05:54:01 STATE	bms_points	339	45200959820
2015/07/21 05:54:01 STATE	bms_points	237	45201711696
2015/07/21 05:54:01 STOP	reducePoints	stopped function	45201723390
2015/07/21 05:54:01 STOP	monitorBMS	stopped monitorBMS, matches: 237	45201730908
2015/07/21 05:54:01 POST	/api/link	Link	45201760848
2015/07/21 05:55:15 POST	/api/link	Link	119619869670
2015/07/21 05:55:15 STATE	Points to begin:	13	119619917911
2015/07/21 05:55:15 START	monitorBMS	started function	119620016951
2015/07/21 05:55:15 GET	/api/points	Points	119621152168
2015/07/21 05:55:15 GET	/api/points	Points	119649378098
2015/07/21 05:55:17 GET	/api/sync	Sync	121927060339
2015/07/21 05:55:17 GET	/api/sync	Sync	121927110699
2015/07/21 05:55:17 START	monitorBMS	started to query BMS	122127347985
2015/07/21 05:55:20 STATE	monitorBMS	GETRequest to smap finished	124538067118
2015/07/21 05:55:20 STOP	monitorBMS	stopped to query BMS	124557018914
2015/07/21 05:55:20 START	checkForValue	started checkForValue	124557034456
2015/07/21 05:55:20 STOP	checkForValue	stopped function	124557201690
2015/07/21 05:55:20 START	reducePoints	started function	124557223052
2015/07/21 05:55:20 STATE	bms_points	237	124557266174
2015/07/21 05:55:20 STATE	bms_points	0	124557292962
2015/07/21 05:55:20 STOP	reducePoints	stopped function	124557299713
2015/07/21 05:55:20 STOP	monitorBMS	stopped monitorBMS - 0 matches	124557305828
2015/07/21 05:55:20 POST	/api/link	Link	124557326224
2015/07/21 05:55:30 POST	/api/link	Link	134976420509
2015/07/21 05:55:30 STATE	Points to begin:	13	134976473209
2015/07/21 05:55:30 START	monitorBMS	started function	134976569260
2015/07/21 05:55:30 GET	/api/points	Points	134977743818
2015/07/21 05:55:30 GET	/api/points	Points	135005629892
2015/07/21 05:55:33 GET	/api/sync	Sync	137253365121
2015/07/21 05:55:33 GET	/api/sync	Sync	137253416721
2015/07/21 05:55:33 START	monitorBMS	started to query BMS	137453652874
2015/07/21 05:55:35 STATE	monitorBMS	GETRequest to smap finished	139827923884
2015/07/21 05:55:35 STOP	monitorBMS	stopped to query BMS	139846180578
2015/07/21 05:55:35 START	checkForValue	started checkForValue	139846199691
2015/07/21 05:55:35 STOP	checkForValue	stopped function	139846370982
2015/07/21 05:55:35 START	reducePoints	started function	139846400998
2015/07/21 05:55:35 STATE	bms_points	237	139846447866
2015/07/21 05:55:35 STATE	bms_points	1	139846489935
2015/07/21 05:55:35 STOP	reducePoints	stopped function	139846497468
2015/07/21 05:55:35 STOP	monitorBMS	stopped monitorBMS - 1 matches	139846503579
2015/07/21 05:55:35 POST	/api/link	Link	139846523478
2015/07/21 05:56:41 POST	/api/link	Link	205569044210
2015/07/21 05:56:41 STATE	Points to begin:	13	205569081634
2015/07/21 05:56:41 START	monitorBMS	started function	205569143760
2015/07/21 05:56:41 GET	/api/points	Points	205570035289
2015/07/21 05:56:41 GET	/api/points	Points	205597920824
2015/07/21 05:56:44 GET	/api/sync	Sync	208983392873
2015/07/21 05:56:44 GET	/api/sync	Sync	208983446924
2015/07/21 05:56:45 START	monitorBMS	started to query BMS	209183684946
2015/07/21 05:56:47 STATE	monitorBMS	GETRequest to smap finished	211580864777
2015/07/21 05:56:47 STOP	monitorBMS	stopped to query BMS	211605216555
2015/07/21 05:56:47 START	checkForValue	started checkForValue	211605232083
2015/07/21 05:56:47 STOP	checkForValue	stopped function	211605452794
2015/07/21 05:56:47 START	reducePoints	started function	211605764715
2015/07/21 05:56:47 STATE	bms_points	352	211605849887
2015/07/21 05:56:47 STATE	bms_points	92	211606195384
2015/07/21 05:56:47 STOP	reducePoints	stopped function	211606207181
2015/07/21 05:56:47 STOP	monitorBMS	stopped monitorBMS, matches: 92	211606214355
2015/07/21 05:56:47 POST	/api/link	Link	211606235018
2015/07/21 05:58:00 POST	/api/link	Link	284784747986
2015/07/21 05:58:00 STATE	Points to begin:	13	284784787650
2015/07/21 05:58:00 START	monitorBMS	started function	284784857579
2015/07/21 05:58:00 GET	/api/points	Points	284785318862
2015/07/21 05:58:00 GET	/api/points	Points	284800455640
2015/07/21 05:58:01 GET	/api/sync	Sync	285601420801
2015/07/21 05:58:01 GET	/api/sync	Sync	285601463174
2015/07/21 05:58:01 START	monitorBMS	started to query BMS	285801688109
2015/07/21 05:58:04 STATE	monitorBMS	GETRequest to smap finished	288205977871
2015/07/21 05:58:04 STOP	monitorBMS	stopped to query BMS	288220639106
2015/07/21 05:58:04 START	checkForValue	started checkForValue	288220659590
2015/07/21 05:58:04 STOP	checkForValue	stopped function	288220789048
2015/07/21 05:58:04 START	reducePoints	started function	288220822034
2015/07/21 05:58:04 STATE	bms_points	92	288220854518
2015/07/21 05:58:04 STATE	bms_points	2	288220907487
2015/07/21 05:58:04 STOP	reducePoints	stopped function	288220916927
2015/07/21 05:58:04 STOP	monitorBMS	stopped monitorBMS, matches: 2	288220923636
2015/07/21 05:58:04 POST	/api/link	Link	288220943325
2015/07/21 05:59:27 START	BABEL	started babel	267
2015/07/21 05:59:33 GET	/api/pointsinit	PointsInit	5247318462
2015/07/21 05:59:33 GET	/api/pointsinit	PointsInit	5249072626
2015/07/21 05:59:34 GET	/api/points	Points	6235536575
2015/07/21 05:59:40 POST	/api/link	Link	12325502985
2015/07/21 05:59:40 STATE	Points to begin:	13	12325556285
2015/07/21 05:59:40 STATE	Points reduced by type to	12	12325835717
2015/07/21 05:59:40 START	monitorBMS	started function	12329058820
2015/07/21 05:59:40 GET	/api/points	Points	12330507575
2015/07/21 05:59:40 GET	/api/points	Points	12366858539
2015/07/21 05:59:43 GET	/api/sync	Sync	15630098788
2015/07/21 05:59:43 GET	/api/sync	Sync	15630150175
2015/07/21 05:59:43 START	monitorBMS	started to query BMS	15830401678
2015/07/21 05:59:45 STATE	monitorBMS	GETRequest to smap finished	17989055201
2015/07/21 05:59:46 STOP	monitorBMS	stopped to query BMS	18018652610
2015/07/21 05:59:46 START	checkForValue	started checkForValue	18018669928
2015/07/21 05:59:46 STOP	checkForValue	stopped function	18018975887
2015/07/21 05:59:46 START	reducePoints	started function	18019733659
2015/07/21 05:59:46 STATE	bms_points	339	18019851122
2015/07/21 05:59:46 STATE	bms_points	237	18021403246
2015/07/21 05:59:46 STOP	reducePoints	stopped function	18021416667
2015/07/21 05:59:46 STOP	monitorBMS	stopped monitorBMS, matches: 237	18021423879
2015/07/21 05:59:46 POST	/api/link	Link	18021454678
2015/07/21 06:00:06 POST	/api/link	Link	38118107773
2015/07/21 06:00:06 STATE	Points to begin:	13	38118160020
2015/07/21 06:00:06 START	monitorBMS	started function	38118259798
2015/07/21 06:00:06 GET	/api/points	Points	38119426628
2015/07/21 06:00:06 GET	/api/points	Points	38139518683
2015/07/21 06:00:08 GET	/api/sync	Sync	40379823993
2015/07/21 06:00:08 GET	/api/sync	Sync	40379872796
2015/07/21 06:00:08 START	monitorBMS	started to query BMS	40580113126
2015/07/21 06:00:10 STATE	monitorBMS	GETRequest to smap finished	42967449281
2015/07/21 06:00:10 STOP	monitorBMS	stopped to query BMS	42986549499
2015/07/21 06:00:10 START	checkForValue	started checkForValue	42986566732
2015/07/21 06:00:10 STOP	checkForValue	stopped function	42986747204
2015/07/21 06:00:10 START	reducePoints	started function	42986771168
2015/07/21 06:00:10 STATE	bms_points	237	42986813263
2015/07/21 06:00:10 STATE	bms_points	0	42986840855
2015/07/21 06:00:10 STOP	reducePoints	stopped function	42986848100
2015/07/21 06:00:10 STOP	monitorBMS	stopped monitorBMS - 0 matches	42986854768
2015/07/21 06:00:10 POST	/api/link	Link	42986875662
2015/07/21 06:00:16 POST	/api/link	Link	48113364178
2015/07/21 06:00:16 STATE	Points to begin:	13	48113415965
2015/07/21 06:00:16 START	monitorBMS	started function	48113514638
2015/07/21 06:00:16 GET	/api/points	Points	48114681603
2015/07/21 06:00:16 GET	/api/points	Points	48133988885
2015/07/21 06:00:18 GET	/api/sync	Sync	50407296549
2015/07/21 06:00:18 GET	/api/sync	Sync	50407348839
2015/07/21 06:00:18 START	monitorBMS	started to query BMS	50607586198
2015/07/21 06:00:21 STATE	monitorBMS	GETRequest to smap finished	53013056280
2015/07/21 06:00:21 STOP	monitorBMS	stopped to query BMS	53037712235
2015/07/21 06:00:21 START	checkForValue	started checkForValue	53037732682
2015/07/21 06:00:21 STOP	checkForValue	stopped function	53037901550
2015/07/21 06:00:21 START	reducePoints	started function	53037931423
2015/07/21 06:00:21 STATE	bms_points	237	53037979258
2015/07/21 06:00:21 STATE	bms_points	1	53038020288
2015/07/21 06:00:21 STOP	reducePoints	stopped function	53038028005
2015/07/21 06:00:21 STOP	monitorBMS	stopped monitorBMS - 1 matches	53038034558
2015/07/21 06:00:21 POST	/api/link	Link	53038053643
2015/07/21 06:01:09 POST	/api/link	Link	101499619241
2015/07/21 06:01:09 STATE	Points to begin:	13	101499673656
2015/07/21 06:01:09 START	monitorBMS	started function	101499726271
2015/07/21 06:01:09 GET	/api/points	Points	101500357905
2015/07/21 06:01:09 GET	/api/points	Points	101526411595
2015/07/21 06:01:12 GET	/api/sync	Sync	104923633847
2015/07/21 06:01:12 GET	/api/sync	Sync	104923683691
2015/07/21 06:01:13 START	monitorBMS	started to query BMS	105123921863
2015/07/21 06:01:15 STATE	monitorBMS	GETRequest to smap finished	107559067511
2015/07/21 06:01:15 STOP	monitorBMS	stopped to query BMS	107582333631
2015/07/21 06:01:15 START	checkForValue	started checkForValue	107582350431
2015/07/21 06:01:15 STOP	checkForValue	stopped function	107582576980
2015/07/21 06:01:15 START	reducePoints	started function	107582907511
2015/07/21 06:01:15 STATE	bms_points	352	107583999128
2015/07/21 06:01:15 STATE	bms_points	92	107584329204
2015/07/21 06:01:15 STOP	reducePoints	stopped function	107584340157
2015/07/21 06:01:15 STOP	monitorBMS	stopped monitorBMS, matches: 92	107584346854
2015/07/21 06:01:15 POST	/api/link	Link	107584366232
2015/07/21 06:01:52 POST	/api/link	Link	144271407795
2015/07/21 06:01:52 STATE	Points to begin:	13	144271461679
2015/07/21 06:01:52 START	monitorBMS	started function	144271561362
2015/07/21 06:01:52 GET	/api/points	Points	144272130424
2015/07/21 06:01:52 GET	/api/points	Points	144289670506
2015/07/21 06:01:53 GET	/api/sync	Sync	145091878297
2015/07/21 06:01:53 GET	/api/sync	Sync	145091924267
2015/07/21 06:01:53 START	monitorBMS	started to query BMS	145292160553
2015/07/21 06:01:55 STATE	monitorBMS	GETRequest to smap finished	147701184226
2015/07/21 06:01:55 STOP	monitorBMS	stopped to query BMS	147720934316
2015/07/21 06:01:55 START	checkForValue	started checkForValue	147720963060
2015/07/21 06:01:55 STOP	checkForValue	stopped function	147721172411
2015/07/21 06:01:55 START	reducePoints	started function	147721223387
2015/07/21 06:01:55 STATE	bms_points	92	147721276691
2015/07/21 06:01:55 STATE	bms_points	1	147721346188
2015/07/21 06:01:55 STOP	reducePoints	stopped function	147721360412
2015/07/21 06:01:55 STOP	monitorBMS	stopped monitorBMS - 1 matches	147721372665
2015/07/21 06:01:55 POST	/api/link	Link	147721405035
2015/07/21 06:02:51 START	BABEL	started babel	165
2015/07/21 06:02:55 GET	/api/pointsinit	PointsInit	4289872543
2015/07/21 06:02:55 GET	/api/pointsinit	PointsInit	4291718280
2015/07/21 06:02:56 GET	/api/points	Points	5130073451
2015/07/21 06:03:04 POST	/api/link	Link	13305999440
2015/07/21 06:03:04 STATE	Points to begin:	13	13306056720
2015/07/21 06:03:04 STATE	Points reduced by type to	12	13306337581
2015/07/21 06:03:04 START	monitorBMS	started function	13309529183
2015/07/21 06:03:04 GET	/api/points	Points	13311106563
2015/07/21 06:03:04 GET	/api/points	Points	13337219031
2015/07/21 06:03:08 GET	/api/sync	Sync	16616626596
2015/07/21 06:03:08 GET	/api/sync	Sync	16616678860
2015/07/21 06:03:08 START	monitorBMS	started to query BMS	16816930662
2015/07/21 06:03:10 STATE	monitorBMS	GETRequest to smap finished	19241652790
2015/07/21 06:03:10 STOP	monitorBMS	stopped to query BMS	19265927987
2015/07/21 06:03:10 START	checkForValue	started checkForValue	19265948871
2015/07/21 06:03:10 STOP	checkForValue	stopped function	19266253359
2015/07/21 06:03:10 START	reducePoints	started function	19267045120
2015/07/21 06:03:10 STATE	bms_points	339	19267157637
2015/07/21 06:03:10 STATE	bms_points	237	19268719509
2015/07/21 06:03:10 STOP	reducePoints	stopped function	19268735615
2015/07/21 06:03:10 STOP	monitorBMS	stopped monitorBMS, matches: 237	19268744356
2015/07/21 06:03:10 POST	/api/link	Link	19268776249
2015/07/21 06:03:44 POST	/api/link	Link	53220148509
2015/07/21 06:03:44 STATE	Points to begin:	13	53220205183
2015/07/21 06:03:44 START	monitorBMS	started function	53220306369
2015/07/21 06:03:44 GET	/api/points	Points	53221409980
2015/07/21 06:03:44 GET	/api/points	Points	53244705341
2015/07/21 06:03:47 GET	/api/sync	Sync	55485220444
2015/07/21 06:03:47 GET	/api/sync	Sync	55485274584
2015/07/21 06:03:47 START	monitorBMS	started to query BMS	55685512547
2015/07/21 06:03:49 STATE	monitorBMS	GETRequest to smap finished	58113426084
2015/07/21 06:03:49 STOP	monitorBMS	stopped to query BMS	58133532764
2015/07/21 06:03:49 START	checkForValue	started checkForValue	58133551505
2015/07/21 06:03:49 STOP	checkForValue	stopped function	58133720708
2015/07/21 06:03:49 START	reducePoints	started function	58133743402
2015/07/21 06:03:49 STATE	bms_points	237	58133784854
2015/07/21 06:03:49 STATE	bms_points	0	58133812626
2015/07/21 06:03:49 STOP	reducePoints	stopped function	58133828101
2015/07/21 06:03:49 STOP	monitorBMS	stopped monitorBMS - 0 matches	58133835188
2015/07/21 06:03:49 POST	/api/link	Link	58133856653
2015/07/21 06:03:57 POST	/api/link	Link	66047860967
2015/07/21 06:03:57 STATE	Points to begin:	13	66047913044
2015/07/21 06:03:57 START	monitorBMS	started function	66048013887
2015/07/21 06:03:57 GET	/api/points	Points	66049131846
2015/07/21 06:03:57 GET	/api/points	Points	66067749004
2015/07/21 06:03:59 GET	/api/sync	Sync	68312151269
2015/07/21 06:03:59 GET	/api/sync	Sync	68312202470
2015/07/21 06:04:00 START	monitorBMS	started to query BMS	68512447839
2015/07/21 06:04:02 STATE	monitorBMS	GETRequest to smap finished	70881897015
2015/07/21 06:04:02 STOP	monitorBMS	stopped to query BMS	70902722036
2015/07/21 06:04:02 START	checkForValue	started checkForValue	70902740026
2015/07/21 06:04:02 STOP	checkForValue	stopped function	70902920680
2015/07/21 06:04:02 START	reducePoints	started function	70902951333
2015/07/21 06:04:02 STATE	bms_points	237	70902999260
2015/07/21 06:04:02 STATE	bms_points	1	70903041409
2015/07/21 06:04:02 STOP	reducePoints	stopped function	70903049495
2015/07/21 06:04:02 STOP	monitorBMS	stopped monitorBMS - 1 matches	70903057015
2015/07/21 06:04:02 POST	/api/link	Link	70903077227
2015/07/21 06:04:56 START	BABEL	started babel	260
2015/07/21 06:04:59 GET	/api/pointsinit	PointsInit	3054236839
2015/07/21 06:04:59 GET	/api/pointsinit	PointsInit	3056138607
2015/07/21 06:04:59 GET	/api/points	Points	3855022429
2015/07/21 06:05:00 POST	/api/link	Link	4506279822
2015/07/21 06:05:00 STATE	Points to begin:	13	4506330835
2015/07/21 06:05:00 STATE	Points reduced by type to	12	4506608856
2015/07/21 06:05:00 START	monitorBMS	started function	4509871993
2015/07/21 06:05:00 GET	/api/points	Points	4511374599
2015/07/21 06:05:00 GET	/api/points	Points	4847765808
2015/07/21 06:05:03 GET	/api/sync	Sync	7803838945
2015/07/21 06:05:03 GET	/api/sync	Sync	7803894945
2015/07/21 06:05:04 START	monitorBMS	started to query BMS	8004145107
2015/07/21 06:05:06 STATE	monitorBMS	GETRequest to smap finished	10371023487
2015/07/21 06:05:06 STOP	monitorBMS	stopped to query BMS	10398772471
2015/07/21 06:05:06 START	checkForValue	started checkForValue	10398793535
2015/07/21 06:05:06 STOP	checkForValue	stopped function	10399028898
2015/07/21 06:05:06 START	reducePoints	started function	10399353125
2015/07/21 06:05:06 STATE	bms_points	339	10399440475
2015/07/21 06:05:06 STATE	bms_points	92	10399807393
2015/07/21 06:05:06 STOP	reducePoints	stopped function	10399821059
2015/07/21 06:05:06 STOP	monitorBMS	stopped monitorBMS, matches: 92	10399829005
2015/07/21 06:05:06 POST	/api/link	Link	10399860520
2015/07/21 06:05:44 POST	/api/link	Link	48617594875
2015/07/21 06:05:44 STATE	Points to begin:	13	48617650489
2015/07/21 06:05:44 START	monitorBMS	started function	48617749443
2015/07/21 06:05:44 GET	/api/points	Points	48618315212
2015/07/21 06:05:44 GET	/api/points	Points	48632048101
2015/07/21 06:05:45 GET	/api/sync	Sync	49431361842
2015/07/21 06:05:45 GET	/api/sync	Sync	49431410865
2015/07/21 06:05:45 START	monitorBMS	started to query BMS	49631646468
2015/07/21 06:05:48 STATE	monitorBMS	GETRequest to smap finished	52017717188
2015/07/21 06:05:48 STOP	monitorBMS	stopped to query BMS	52034267530
2015/07/21 06:05:48 START	checkForValue	started checkForValue	52034285361
2015/07/21 06:05:48 STOP	checkForValue	stopped function	52034422758
2015/07/21 06:05:48 START	reducePoints	started function	52034459706
2015/07/21 06:05:48 STATE	bms_points	92	52034491591
2015/07/21 06:05:48 STATE	bms_points	2	52034536738
2015/07/21 06:05:48 STOP	reducePoints	stopped function	52034545108
2015/07/21 06:05:48 STOP	monitorBMS	stopped monitorBMS, matches: 2	52034552282
2015/07/21 06:05:48 POST	/api/link	Link	52034572519
2015/07/21 06:06:18 POST	/api/link	Link	82952973397
2015/07/21 06:06:18 STATE	Points to begin:	13	82953026610
2015/07/21 06:06:18 START	monitorBMS	started function	82953125335
2015/07/21 06:06:18 GET	/api/points	Points	82953185395
2015/07/21 06:06:18 GET	/api/points	Points	82962990003
2015/07/21 06:06:19 GET	/api/sync	Sync	82971850847
2015/07/21 06:06:19 GET	/api/sync	Sync	82971887943
2015/07/21 06:06:19 START	monitorBMS	started to query BMS	83172118409
2015/07/21 06:06:21 STATE	monitorBMS	GETRequest to smap finished	85598913380
2015/07/21 06:06:21 STOP	monitorBMS	stopped to query BMS	85609709740
2015/07/21 06:06:21 START	checkForValue	started checkForValue	85609738577
2015/07/21 06:06:21 STOP	checkForValue	stopped function	85609901018
2015/07/21 06:06:21 START	reducePoints	started function	85609948691
2015/07/21 06:06:21 STATE	bms_points	2	85609970834
2015/07/21 06:06:21 STATE	bms_points	2	85610026454
2015/07/21 06:06:21 STOP	reducePoints	stopped function	85610040294
2015/07/21 06:06:21 STOP	monitorBMS	stopped monitorBMS, matches: 2	85610053648
2015/07/21 06:06:21 POST	/api/link	Link	85610097918
2015/07/21 06:06:29 START	BABEL	started babel	257
2015/07/21 06:06:32 GET	/api/pointsinit	PointsInit	3424999143
2015/07/21 06:06:32 GET	/api/pointsinit	PointsInit	3426639231
2015/07/21 06:06:33 GET	/api/points	Points	4282725056
2015/07/21 06:06:46 POST	/api/link	Link	16741297044
2015/07/21 06:06:46 STATE	Points to begin:	13	16741362998
2015/07/21 06:06:46 STATE	Points reduced by type to	12	16741615376
2015/07/21 06:06:46 START	monitorBMS	started function	16744379859
2015/07/21 06:06:46 GET	/api/points	Points	16745654884
2015/07/21 06:06:46 GET	/api/points	Points	16771468654
2015/07/21 06:06:49 GET	/api/sync	Sync	20039032994
2015/07/21 06:06:49 GET	/api/sync	Sync	20039084794
2015/07/21 06:06:49 START	monitorBMS	started to query BMS	20239336217
2015/07/21 06:06:52 STATE	monitorBMS	GETRequest to smap finished	22767963349
2015/07/21 06:06:52 STOP	monitorBMS	stopped to query BMS	22796002685
2015/07/21 06:06:52 START	checkForValue	started checkForValue	22796026216
2015/07/21 06:06:52 STOP	checkForValue	stopped function	22796332028
2015/07/21 06:06:52 START	reducePoints	started function	22797117714
2015/07/21 06:06:52 STATE	bms_points	339	22797227005
2015/07/21 06:06:52 STATE	bms_points	237	22798824914
2015/07/21 06:06:52 STOP	reducePoints	stopped function	22798842295
2015/07/21 06:06:52 STOP	monitorBMS	stopped monitorBMS, matches: 237	22798851575
2015/07/21 06:06:52 POST	/api/link	Link	22798883182
2015/07/21 06:08:08 POST	/api/link	Link	99201641635
2015/07/21 06:08:08 STATE	Points to begin:	13	99201698290
2015/07/21 06:08:08 START	monitorBMS	started function	99201800876
2015/07/21 06:08:08 GET	/api/points	Points	99202932187
2015/07/21 06:08:08 GET	/api/points	Points	99229165599
2015/07/21 06:08:10 GET	/api/sync	Sync	101477278992
2015/07/21 06:08:10 GET	/api/sync	Sync	101477327189
2015/07/21 06:08:11 START	monitorBMS	started to query BMS	101677560382
2015/07/21 06:08:13 STATE	monitorBMS	GETRequest to smap finished	104092966753
2015/07/21 06:08:13 STOP	monitorBMS	stopped to query BMS	104112944797
2015/07/21 06:08:13 START	checkForValue	started checkForValue	104112964239
2015/07/21 06:08:13 STOP	checkForValue	stopped function	104113138032
2015/07/21 06:08:13 START	reducePoints	started function	104113173843
2015/07/21 06:08:13 STATE	bms_points	237	104113223843
2015/07/21 06:08:13 STATE	bms_points	1	104113266554
2015/07/21 06:08:13 STOP	reducePoints	stopped function	104113275111
2015/07/21 06:08:13 STOP	monitorBMS	stopped monitorBMS - 1 matches	104113282210
2015/07/21 06:08:13 POST	/api/link	Link	104113302195
